<?xml version="1.0" encoding="UTF-8"?>
<!-- Generated by org.testng.reporters.JUnitXMLReporter -->
<testsuite hostname="SAI10" ignored="0" name="Default test" tests="3" failures="0" timestamp="01 Jun 2017 09:24:53 GMT" time="400.479" errors="0">
  <testcase name="checkingCancelButtons" time="103.911" classname="confirmationsRuleMailer.SubscriptionDowngrade"/>
  <testcase name="selectingSameSubscriptionToUpgrade" time="46.677" classname="confirmationsRuleMailer.SubscriptionDowngrade"/>
  <testcase name="subscriptionDowngrade" time="45.821" classname="confirmationsRuleMailer.SubscriptionDowngrade"/>
</testsuite> <!-- Default test -->
