<?xml version="1.0" encoding="UTF-8"?>
<!-- Generated by org.testng.reporters.JUnitXMLReporter -->
<testsuite hostname="SAI10" ignored="42" name="Test" tests="27" failures="2" timestamp="30 May 2017 18:33:04 GMT" time="2011.111" errors="0">
  <testcase name="welcomeBasSubscription" time="181.112" classname="postRegistrationRuleMailer.Welcome"/>
  <testcase name="welcomeStandardSubscription" time="61.111" classname="postRegistrationRuleMailer.Welcome"/>
  <testcase name="welcomePremiumSubscription" time="53.191" classname="postRegistrationRuleMailer.Welcome"/>
  <testcase name="welcomeBackNoOfferBas" time="75.514" classname="confirmationsRuleMailer.WelcomeBackNoOffer"/>
  <testcase name="welcomeBackNoOfferStandard" time="67.374" classname="confirmationsRuleMailer.WelcomeBackNoOffer"/>
  <testcase name="welcomeBackNoOfferPremium" time="69.908" classname="confirmationsRuleMailer.WelcomeBackNoOffer"/>
  <testcase name="subscriptionDowngrade" time="67.607" classname="confirmationsRuleMailer.SubscriptionDowngrade"/>
  <testcase name="existingMemberSubscriptionUpgrade" time="60.31" classname="confirmationsRuleMailer.SubscriptionUpgrade"/>
  <testcase name="churnFreeTrialCampaignMember" time="78.241" classname="confirmationsRuleMailer.ChurnFreeTrialCampaignMember"/>
  <testcase name="cardUpdatedExpiry" time="58.74" classname="confirmationsRuleMailer.CardUpdatedExpiry"/>
  <testcase name="forgotPasswordTC101001" time="18.01" classname="confirmationsRuleMailer.ForgotPassword"/>
  <testcase name="giftCardPurchaseNewUserOneManad" time="46.552" classname="registrationFlows.PurchaseGiftCards"/>
  <testcase name="giftCardPurchaseNewUserThreeManad" time="37.955" classname="registrationFlows.PurchaseGiftCards"/>
  <testcase name="giftCardPurchaseNewUserSixManad" time="38.261" classname="registrationFlows.PurchaseGiftCards"/>
  <testcase name="oneMonthGiftCardPurchaseExistingUser" time="76.06" classname="registrationFlows.PurchaseGiftCards"/>
  <testcase name="threeMonthGiftCardPurchaseExistingUser" time="76.028" classname="registrationFlows.PurchaseGiftCards"/>
  <testcase name="sixMonthGiftCardPurchaseExistingUser" time="121.941" classname="registrationFlows.PurchaseGiftCards"/>
  <testcase name="freeCampaignMemberNewUserBas" time="82.844" classname="registrationFlows.RedeemFreeCampaignMember"/>
  <testcase name="freeCampaignMemberNewUserStandard" time="76.187" classname="registrationFlows.RedeemFreeCampaignMember"/>
  <testcase name="freeCampaignMemberNewUserPremium" time="64.841" classname="registrationFlows.RedeemFreeCampaignMember"/>
  <testcase name="freeCampaignMemberExistingUser" time="79.033" classname="registrationFlows.RedeemFreeCampaignMember"/>
  <testcase name="redeemGiftCardBasNewUser" time="62.446" classname="registrationFlows.RedeemGiftCards"/>
  <testcase name="redeemGiftCardStandardNewUser" time="57.674" classname="registrationFlows.RedeemGiftCards"/>
  <testcase name="redeemGiftCardPremiumNewUser" time="51.802" classname="registrationFlows.RedeemGiftCards"/>
  <testcase name="redeemGiftCardExistingUserWithoutLogin" time="40.791" classname="registrationFlows.RedeemGiftCards">
    <failure type="java.lang.AssertionError" message="expected [2017-06-30] but found [2017-06-29]">
      <![CDATA[java.lang.AssertionError: expected [2017-06-30] but found [2017-06-29]
	at registrationFlows.RedeemGiftCards.redeemGiftCardExistingUserWithoutLogin(RedeemGiftCards.java:512)
... Removed 30 stack frames]]>
    </failure>
  </testcase> <!-- redeemGiftCardExistingUserWithoutLogin -->
  <testcase name="redeemGiftCardExistingUserWithLogin" time="57.961" classname="registrationFlows.RedeemGiftCards">
    <failure type="org.openqa.selenium.TimeoutException" message="Expected condition failed: waiting for visibility of Proxy element for: DefaultElementLocator &amp;apos;By.xpath: //nav[@class=&amp;apos;topmenu-screen&amp;apos;]//a[contains(text(),&amp;apos;Logga in&amp;apos;)]&amp;apos; (tried for 20 second(s) with 500 MILLISECONDS interval)">
      <![CDATA[org.openqa.selenium.TimeoutException: Expected condition failed: waiting for visibility of Proxy element for: DefaultElementLocator 'By.xpath: //nav[@class='topmenu-screen']//a[contains(text(),'Logga in')]' (tried for 20 second(s) with 500 MILLISECONDS interval)
	at org.openqa.selenium.support.ui.WebDriverWait.timeoutException(WebDriverWait.java:80)
	at org.openqa.selenium.support.ui.FluentWait.until(FluentWait.java:232)
	at common.BasePage.waitTillElementIsVisible(BasePage.java:28)
	at pages.HomePage.clickLoginLink(HomePage.java:51)
	at registrationFlows.RedeemGiftCards.redeemGiftCardExistingUserWithLogin(RedeemGiftCards.java:627)
Caused by: org.openqa.selenium.NoSuchElementException: no such element: Unable to locate element: {"method":"xpath","selector":"//nav[@class='topmenu-screen']//a[contains(text(),'Logga in')]"}
  (Session info: chrome=58.0.3029.110)
  (Driver info: chromedriver=2.29.461591 (62ebf098771772160f391d75e589dc567915b233),platform=Windows NT 6.3.9600 x86_64) (WARNING: The server did not provide any stacktrace information)
Command duration or timeout: 20.05 seconds
For documentation on this error, please visit: http://seleniumhq.org/exceptions/no_such_element.html
Build info: version: 'unknown', revision: '5234b32', time: '2017-03-10 09:00:17 -0800'
System info: host: 'SAI10', ip: '10.91.0.161', os.name: 'Windows 8.1', os.arch: 'amd64', os.version: '6.3', java.version: '1.8.0_121'
Driver info: org.openqa.selenium.chrome.ChromeDriver
Capabilities [{applicationCacheEnabled=false, rotatable=false, mobileEmulationEnabled=false, networkConnectionEnabled=false, chrome={chromedriverVersion=2.29.461591 (62ebf098771772160f391d75e589dc567915b233), userDataDir=C:\Users\SAI11\AppData\Local\Temp\scoped_dir12132_5032}, takesHeapSnapshot=true, pageLoadStrategy=normal, databaseEnabled=false, handlesAlerts=true, hasTouchScreen=false, version=58.0.3029.110, platform=WIN8_1, browserConnectionEnabled=false, nativeEvents=true, acceptSslCerts=true, locationContextEnabled=true, webStorageEnabled=true, browserName=chrome, takesScreenshot=true, javascriptEnabled=true, cssSelectorsEnabled=true, unexpectedAlertBehaviour=}]
Session ID: 2159578be670a5ba2ab67033cba3dd15
*** Element info: {Using=xpath, value=//nav[@class='topmenu-screen']//a[contains(text(),'Logga in')]}
	at org.openqa.selenium.remote.ErrorHandler.createThrowable(ErrorHandler.java:216)
	at org.openqa.selenium.remote.ErrorHandler.throwIfResponseFailed(ErrorHandler.java:168)
	at org.openqa.selenium.remote.RemoteWebDriver.execute(RemoteWebDriver.java:638)
	at org.openqa.selenium.remote.RemoteWebDriver.findElement(RemoteWebDriver.java:371)
	at org.openqa.selenium.remote.RemoteWebDriver.findElementByXPath(RemoteWebDriver.java:476)
	at org.openqa.selenium.By$ByXPath.findElement(By.java:361)
	at org.openqa.selenium.remote.RemoteWebDriver.findElement(RemoteWebDriver.java:363)
	at org.openqa.selenium.support.pagefactory.DefaultElementLocator.findElement(DefaultElementLocator.java:69)
	at org.openqa.selenium.support.pagefactory.internal.LocatingElementHandler.invoke(LocatingElementHandler.java:38)
	at com.sun.proxy.$Proxy15.isDisplayed(Unknown Source)
	at org.openqa.selenium.support.ui.ExpectedConditions.elementIfVisible(ExpectedConditions.java:305)
	at org.openqa.selenium.support.ui.ExpectedConditions.access$100(ExpectedConditions.java:44)
	at org.openqa.selenium.support.ui.ExpectedConditions$10.apply(ExpectedConditions.java:291)
	at org.openqa.selenium.support.ui.ExpectedConditions$10.apply(ExpectedConditions.java:288)
	at org.openqa.selenium.support.ui.FluentWait.until(FluentWait.java:209)
	... 27 more
... Removed 28 stack frames]]>
    </failure>
  </testcase> <!-- redeemGiftCardExistingUserWithLogin -->
  <testcase name="churnPayingMemberNoSelection" time="51.556" classname="confirmationsRuleMailer.ChurnPayingMember"/>
  <testcase name="@BeforeSuite initFramework" time="0.0" classname="common.SuperTestScript">
    <ignored/>
  </testcase> <!-- @BeforeSuite initFramework -->
  <testcase name="@BeforeSuite initFramework" time="0.0" classname="common.SuperTestScript">
    <ignored/>
  </testcase> <!-- @BeforeSuite initFramework -->
  <testcase name="@BeforeSuite initFramework" time="0.0" classname="common.SuperTestScript">
    <ignored/>
  </testcase> <!-- @BeforeSuite initFramework -->
  <testcase name="@BeforeSuite initFramework" time="0.0" classname="common.SuperTestScript">
    <ignored/>
  </testcase> <!-- @BeforeSuite initFramework -->
  <testcase name="@BeforeSuite initFramework" time="0.0" classname="common.SuperTestScript">
    <ignored/>
  </testcase> <!-- @BeforeSuite initFramework -->
  <testcase name="@BeforeSuite initFramework" time="0.0" classname="common.SuperTestScript">
    <ignored/>
  </testcase> <!-- @BeforeSuite initFramework -->
  <testcase name="@BeforeSuite initFramework" time="0.0" classname="common.SuperTestScript">
    <ignored/>
  </testcase> <!-- @BeforeSuite initFramework -->
  <testcase name="@BeforeSuite initFramework" time="0.0" classname="common.SuperTestScript">
    <ignored/>
  </testcase> <!-- @BeforeSuite initFramework -->
  <testcase name="@BeforeSuite initFramework" time="0.0" classname="common.SuperTestScript">
    <ignored/>
  </testcase> <!-- @BeforeSuite initFramework -->
  <testcase name="@BeforeSuite initFramework" time="0.0" classname="common.SuperTestScript">
    <ignored/>
  </testcase> <!-- @BeforeSuite initFramework -->
  <testcase name="@AfterSuite closeFramework" time="0.0" classname="common.SuperTestScript">
    <ignored/>
  </testcase> <!-- @AfterSuite closeFramework -->
  <testcase name="@AfterSuite closeFramework" time="0.0" classname="common.SuperTestScript">
    <ignored/>
  </testcase> <!-- @AfterSuite closeFramework -->
  <testcase name="@AfterSuite closeFramework" time="0.0" classname="common.SuperTestScript">
    <ignored/>
  </testcase> <!-- @AfterSuite closeFramework -->
  <testcase name="@AfterSuite closeFramework" time="0.0" classname="common.SuperTestScript">
    <ignored/>
  </testcase> <!-- @AfterSuite closeFramework -->
  <testcase name="@AfterSuite closeFramework" time="0.0" classname="common.SuperTestScript">
    <ignored/>
  </testcase> <!-- @AfterSuite closeFramework -->
  <testcase name="@AfterSuite closeFramework" time="0.0" classname="common.SuperTestScript">
    <ignored/>
  </testcase> <!-- @AfterSuite closeFramework -->
  <testcase name="@AfterSuite closeFramework" time="0.0" classname="common.SuperTestScript">
    <ignored/>
  </testcase> <!-- @AfterSuite closeFramework -->
  <testcase name="@AfterSuite closeFramework" time="0.0" classname="common.SuperTestScript">
    <ignored/>
  </testcase> <!-- @AfterSuite closeFramework -->
  <testcase name="@AfterSuite closeFramework" time="0.0" classname="common.SuperTestScript">
    <ignored/>
  </testcase> <!-- @AfterSuite closeFramework -->
  <testcase name="@AfterSuite closeFramework" time="0.0" classname="common.SuperTestScript">
    <ignored/>
  </testcase> <!-- @AfterSuite closeFramework -->
  <testcase name="@AfterTest closeBrowser" time="0.0" classname="common.SuperTestScript">
    <ignored/>
  </testcase> <!-- @AfterTest closeBrowser -->
  <testcase name="@AfterTest closeBrowser" time="0.0" classname="common.SuperTestScript">
    <ignored/>
  </testcase> <!-- @AfterTest closeBrowser -->
  <testcase name="@AfterTest closeBrowser" time="0.0" classname="common.SuperTestScript">
    <ignored/>
  </testcase> <!-- @AfterTest closeBrowser -->
  <testcase name="@AfterTest closeBrowser" time="0.0" classname="common.SuperTestScript">
    <ignored/>
  </testcase> <!-- @AfterTest closeBrowser -->
  <testcase name="@AfterTest closeBrowser" time="0.0" classname="common.SuperTestScript">
    <ignored/>
  </testcase> <!-- @AfterTest closeBrowser -->
  <testcase name="@AfterTest closeBrowser" time="0.0" classname="common.SuperTestScript">
    <ignored/>
  </testcase> <!-- @AfterTest closeBrowser -->
  <testcase name="@AfterTest closeBrowser" time="0.0" classname="common.SuperTestScript">
    <ignored/>
  </testcase> <!-- @AfterTest closeBrowser -->
  <testcase name="@AfterTest closeBrowser" time="0.0" classname="common.SuperTestScript">
    <ignored/>
  </testcase> <!-- @AfterTest closeBrowser -->
  <testcase name="@AfterTest closeBrowser" time="0.0" classname="common.SuperTestScript">
    <ignored/>
  </testcase> <!-- @AfterTest closeBrowser -->
  <testcase name="@AfterTest closeBrowser" time="0.0" classname="common.SuperTestScript">
    <ignored/>
  </testcase> <!-- @AfterTest closeBrowser -->
  <testcase name="churnPayingMemberTC100601" time="0.0" classname="confirmationsRuleMailer.ChurnPayingMember">
    <ignored/>
  </testcase> <!-- churnPayingMemberTC100601 -->
  <testcase name="churnPayingMemberTC100602" time="0.0" classname="confirmationsRuleMailer.ChurnPayingMember">
    <ignored/>
  </testcase> <!-- churnPayingMemberTC100602 -->
  <testcase name="@BeforeTest initBrowser" time="0.0" classname="common.SuperTestScript">
    <ignored/>
  </testcase> <!-- @BeforeTest initBrowser -->
  <testcase name="@BeforeTest initBrowser" time="0.0" classname="common.SuperTestScript">
    <ignored/>
  </testcase> <!-- @BeforeTest initBrowser -->
  <testcase name="@BeforeTest initBrowser" time="0.0" classname="common.SuperTestScript">
    <ignored/>
  </testcase> <!-- @BeforeTest initBrowser -->
  <testcase name="@BeforeTest initBrowser" time="0.0" classname="common.SuperTestScript">
    <ignored/>
  </testcase> <!-- @BeforeTest initBrowser -->
  <testcase name="@BeforeTest initBrowser" time="0.0" classname="common.SuperTestScript">
    <ignored/>
  </testcase> <!-- @BeforeTest initBrowser -->
  <testcase name="@BeforeTest initBrowser" time="0.0" classname="common.SuperTestScript">
    <ignored/>
  </testcase> <!-- @BeforeTest initBrowser -->
  <testcase name="@BeforeTest initBrowser" time="0.0" classname="common.SuperTestScript">
    <ignored/>
  </testcase> <!-- @BeforeTest initBrowser -->
  <testcase name="@BeforeTest initBrowser" time="0.0" classname="common.SuperTestScript">
    <ignored/>
  </testcase> <!-- @BeforeTest initBrowser -->
  <testcase name="@BeforeTest initBrowser" time="0.0" classname="common.SuperTestScript">
    <ignored/>
  </testcase> <!-- @BeforeTest initBrowser -->
  <testcase name="@BeforeTest initBrowser" time="0.0" classname="common.SuperTestScript">
    <ignored/>
  </testcase> <!-- @BeforeTest initBrowser -->
</testsuite> <!-- Test -->
