<?xml version="1.0" encoding="UTF-8"?>
<!-- Generated by org.testng.reporters.JUnitXMLReporter -->
<testsuite hostname="SAI10" ignored="2" name="Test(failed)" tests="2" failures="0" timestamp="17 May 2017 13:09:34 GMT" time="107.471" errors="0">
  <testcase name="freeCampaignMemberNewUserPremium" time="53.882" classname="registrationFlows.RedeemFreeCampaignMember"/>
  <testcase name="freeCampaignMemberExistingUser" time="36.057" classname="registrationFlows.RedeemFreeCampaignMember"/>
  <testcase name="freeCampaignMemberNewUserBas" time="0.0" classname="registrationFlows.RedeemFreeCampaignMember">
    <ignored/>
  </testcase> <!-- freeCampaignMemberNewUserBas -->
  <testcase name="freeCampaignMemberNewUserStandard" time="0.0" classname="registrationFlows.RedeemFreeCampaignMember">
    <ignored/>
  </testcase> <!-- freeCampaignMemberNewUserStandard -->
</testsuite> <!-- Test(failed) -->
